<?xml version="1.0" encoding="UTF-8"?>
<!-- Generated by org.testng.reporters.JUnitXMLReporter -->
<testsuite ignored="0" hostname="VIVEK" failures="1" tests="2" name="Test" time="7.461" errors="0" timestamp="2023-05-27T19:40:59 IST">
  <testcase classname="selefrmae.ErrorValidationTest" name="loginErr" time="0.546"/>
  <testcase classname="selefrmae.ErrorValidationTest" name="producvalidation" time="0.922">
    <failure type="java.lang.AssertionError" message="expected [Sauce Labs Bike Light] but found [Sauce Labs Bike Light 44 ]">
      <![CDATA[java.lang.AssertionError: expected [Sauce Labs Bike Light] but found [Sauce Labs Bike Light 44 ]
at selefrmae.ErrorValidationTest.producvalidation(ErrorValidationTest.java:34)
at java.base/java.util.ArrayList.forEach(ArrayList.java:1511)
... Removed 33 stack frames]]>
    </failure>
  </testcase> <!-- producvalidation -->
</testsuite> <!-- Test -->
